# JRE version: OpenJDK Runtime Environment Temurin-21.0.10+7 (21.0.10+7) (build 21.0.10+7-LTS)
# Java VM: OpenJDK 64-Bit Server VM Temurin-21.0.10+7 (21.0.10+7-LTS, mixed mode, sharing, tiered, compressed oops, compressed class ptrs, parallel gc, windows-amd64)
GC Precious Log:
 CardTable entry size: 512
 CPUs: 8 total, 8 available
 Memory: 15647M
 Large Page Support: Disabled
 NUMA Support: Disabled
 Compressed Oops: Enabled (32-bit)
 Alignments: Space 512K, Generation 512K, Heap 2M
 Heap Min Capacity: 100M
 Heap Initial Capacity: 100M
 Heap Max Capacity: 2G
 Pre-touch: Disabled
 Parallel Workers: 8
Heap:
 PSYoungGen      total 5632K, used 735K [0x00000000d5580000, 0x00000000d5c00000, 0x0000000100000000)
  eden space 5120K, 10% used [0x00000000d5580000,0x00000000d5607e70,0x00000000d5a80000)
  from space 512K, 37% used [0x00000000d5b80000,0x00000000d5bb0000,0x00000000d5c00000)
  to   space 512K, 0% used [0x00000000d5b00000,0x00000000d5b00000,0x00000000d5b80000)
 ParOldGen       total 1063424K, used 1063243K [0x0000000080000000, 0x00000000c0e80000, 0x00000000d5580000)
  object space 1063424K, 99% used [0x0000000080000000,0x00000000c0e52cc8,0x00000000c0e80000)
 Metaspace       used 86653K, committed 88576K, reserved 1179648K
  class space    used 8890K, committed 9728K, reserved 1048576K
GC Heap History (20 events):
Event: 942.945 GC heap before
{Heap before GC invocations=1951 (full 5):
 PSYoungGen      total 5632K, used 5632K [0x00000000d5580000, 0x00000000d5e80000, 0x0000000100000000)
  eden space 5120K, 100% used [0x00000000d5580000,0x00000000d5a80000,0x00000000d5a80000)
  from space 512K, 100% used [0x00000000d5e00000,0x00000000d5e80000,0x00000000d5e80000)
  to   space 1536K, 0% used [0x00000000d5b80000,0x00000000d5b80000,0x00000000d5d00000)
 ParOldGen       total 1060864K, used 1060385K [0x0000000080000000, 0x00000000c0c00000, 0x00000000d5580000)
  object space 1060864K, 99% used [0x0000000080000000,0x00000000c0b88648,0x00000000c0c00000)
 Metaspace       used 86586K, committed 88448K, reserved 1179648K
  class space    used 8890K, committed 9728K, reserved 1048576K
}
Event: 942.949 GC heap after
{Heap after GC invocations=1951 (full 5):
 PSYoungGen      total 6656K, used 722K [0x00000000d5580000, 0x00000000d5e80000, 0x0000000100000000)
  eden space 5120K, 0% used [0x00000000d5580000,0x00000000d5580000,0x00000000d5a80000)
  from space 1536K, 47% used [0x00000000d5b80000,0x00000000d5c34960,0x00000000d5d00000)
  to   space 1024K, 0% used [0x00000000d5d80000,0x00000000d5d80000,0x00000000d5e80000)
 ParOldGen       total 1061376K, used 1060941K [0x0000000080000000, 0x00000000c0c80000, 0x00000000d5580000)
  object space 1061376K, 99% used [0x0000000080000000,0x00000000c0c13658,0x00000000c0c80000)
 Metaspace       used 86586K, committed 88448K, reserved 1179648K
  class space    used 8890K, committed 9728K, reserved 1048576K
}
Event: 942.965 GC heap before
{Heap before GC invocations=1952 (full 5):
 PSYoungGen      total 6656K, used 5842K [0x00000000d5580000, 0x00000000d5e80000, 0x0000000100000000)
  eden space 5120K, 100% used [0x00000000d5580000,0x00000000d5a80000,0x00000000d5a80000)
  from space 1536K, 47% used [0x00000000d5b80000,0x00000000d5c34960,0x00000000d5d00000)
  to   space 1024K, 0% used [0x00000000d5d80000,0x00000000d5d80000,0x00000000d5e80000)
 ParOldGen       total 1061376K, used 1060941K [0x0000000080000000, 0x00000000c0c80000, 0x00000000d5580000)
  object space 1061376K, 99% used [0x0000000080000000,0x00000000c0c13658,0x00000000c0c80000)
 Metaspace       used 86587K, committed 88448K, reserved 1179648K
  class space    used 8890K, committed 9728K, reserved 1048576K
}
Event: 942.968 GC heap after
{Heap after GC invocations=1952 (full 5):
 PSYoungGen      total 5632K, used 442K [0x00000000d5580000, 0x00000000d5e00000, 0x0000000100000000)
  eden space 5120K, 0% used [0x00000000d5580000,0x00000000d5580000,0x00000000d5a80000)
  from space 512K, 86% used [0x00000000d5d80000,0x00000000d5dee900,0x00000000d5e00000)
  to   space 1024K, 0% used [0x00000000d5c00000,0x00000000d5c00000,0x00000000d5d00000)
 ParOldGen       total 1061376K, used 1060989K [0x0000000080000000, 0x00000000c0c80000, 0x00000000d5580000)
  object space 1061376K, 99% used [0x0000000080000000,0x00000000c0c1f658,0x00000000c0c80000)
 Metaspace       used 86587K, committed 88448K, reserved 1179648K
  class space    used 8890K, committed 9728K, reserved 1048576K
}
Event: 942.989 GC heap before
{Heap before GC invocations=1953 (full 5):
 PSYoungGen      total 5632K, used 5562K [0x00000000d5580000, 0x00000000d5e00000, 0x0000000100000000)
  eden space 5120K, 99% used [0x00000000d5580000,0x00000000d5a7ffe8,0x00000000d5a80000)
  from space 512K, 86% used [0x00000000d5d80000,0x00000000d5dee900,0x00000000d5e00000)
  to   space 1024K, 0% used [0x00000000d5c00000,0x00000000d5c00000,0x00000000d5d00000)
 ParOldGen       total 1061376K, used 1060989K [0x0000000080000000, 0x00000000c0c80000, 0x00000000d5580000)
  object space 1061376K, 99% used [0x0000000080000000,0x00000000c0c1f658,0x00000000c0c80000)
 Metaspace       used 86587K, committed 88448K, reserved 1179648K
  class space    used 8890K, committed 9728K, reserved 1048576K
}
Event: 942.992 GC heap after
{Heap after GC invocations=1953 (full 5):
 PSYoungGen      total 6144K, used 1010K [0x00000000d5580000, 0x00000000d5e80000, 0x0000000100000000)
  eden space 5120K, 0% used [0x00000000d5580000,0x00000000d5580000,0x00000000d5a80000)
  from space 1024K, 98% used [0x00000000d5c00000,0x00000000d5cfc960,0x00000000d5d00000)
  to   space 1536K, 0% used [0x00000000d5d00000,0x00000000d5d00000,0x00000000d5e80000)
 ParOldGen       total 1061888K, used 1061458K [0x0000000080000000, 0x00000000c0d00000, 0x00000000d5580000)
  object space 1061888K, 99% used [0x0000000080000000,0x00000000c0c94878,0x00000000c0d00000)
 Metaspace       used 86587K, committed 88448K, reserved 1179648K
  class space    used 8890K, committed 9728K, reserved 1048576K
}
Event: 943.008 GC heap before
{Heap before GC invocations=1954 (full 5):
 PSYoungGen      total 6144K, used 6130K [0x00000000d5580000, 0x00000000d5e80000, 0x0000000100000000)
  eden space 5120K, 100% used [0x00000000d5580000,0x00000000d5a80000,0x00000000d5a80000)
  from space 1024K, 98% used [0x00000000d5c00000,0x00000000d5cfc960,0x00000000d5d00000)
  to   space 1536K, 0% used [0x00000000d5d00000,0x00000000d5d00000,0x00000000d5e80000)
 ParOldGen       total 1061888K, used 1061458K [0x0000000080000000, 0x00000000c0d00000, 0x00000000d5580000)
  object space 1061888K, 99% used [0x0000000080000000,0x00000000c0c94878,0x00000000c0d00000)
 Metaspace       used 86587K, committed 88448K, reserved 1179648K
  class space    used 8890K, committed 9728K, reserved 1048576K
}
Event: 943.012 GC heap after
{Heap after GC invocations=1954 (full 5):
 PSYoungGen      total 6656K, used 1522K [0x00000000d5580000, 0x00000000d5f80000, 0x0000000100000000)
  eden space 5120K, 0% used [0x00000000d5580000,0x00000000d5580000,0x00000000d5a80000)
  from space 1536K, 99% used [0x00000000d5d00000,0x00000000d5e7c960,0x00000000d5e80000)
  to   space 2560K, 0% used [0x00000000d5a80000,0x00000000d5a80000,0x00000000d5d00000)
 ParOldGen       total 1062400K, used 1062074K [0x0000000080000000, 0x00000000c0d80000, 0x00000000d5580000)
  object space 1062400K, 99% used [0x0000000080000000,0x00000000c0d2e878,0x00000000c0d80000)
 Metaspace       used 86587K, committed 88448K, reserved 1179648K
  class space    used 8890K, committed 9728K, reserved 1048576K
}
Event: 975.243 GC heap before
{Heap before GC invocations=1955 (full 5):
 PSYoungGen      total 6656K, used 6642K [0x00000000d5580000, 0x00000000d5f80000, 0x0000000100000000)
  eden space 5120K, 100% used [0x00000000d5580000,0x00000000d5a80000,0x00000000d5a80000)
  from space 1536K, 99% used [0x00000000d5d00000,0x00000000d5e7c960,0x00000000d5e80000)
  to   space 2560K, 0% used [0x00000000d5a80000,0x00000000d5a80000,0x00000000d5d00000)
 ParOldGen       total 1062400K, used 1062074K [0x0000000080000000, 0x00000000c0d80000, 0x00000000d5580000)
  object space 1062400K, 99% used [0x0000000080000000,0x00000000c0d2e878,0x00000000c0d80000)
 Metaspace       used 86587K, committed 88448K, reserved 1179648K
  class space    used 8890K, committed 9728K, reserved 1048576K
}
Event: 975.245 GC heap after
{Heap after GC invocations=1955 (full 5):
 PSYoungGen      total 6144K, used 564K [0x00000000d5580000, 0x00000000d5d80000, 0x0000000100000000)
  eden space 5120K, 0% used [0x00000000d5580000,0x00000000d5580000,0x00000000d5a80000)
  from space 1024K, 55% used [0x00000000d5a80000,0x00000000d5b0d200,0x00000000d5b80000)
  to   space 1536K, 0% used [0x00000000d5c00000,0x00000000d5c00000,0x00000000d5d80000)
 ParOldGen       total 1062400K, used 1062082K [0x0000000080000000, 0x00000000c0d80000, 0x00000000d5580000)
  object space 1062400K, 99% used [0x0000000080000000,0x00000000c0d30878,0x00000000c0d80000)
 Metaspace       used 86587K, committed 88448K, reserved 1179648K
  class space    used 8890K, committed 9728K, reserved 1048576K
}
Event: 975.263 GC heap before
{Heap before GC invocations=1956 (full 5):
 PSYoungGen      total 6144K, used 5684K [0x00000000d5580000, 0x00000000d5d80000, 0x0000000100000000)
  eden space 5120K, 100% used [0x00000000d5580000,0x00000000d5a80000,0x00000000d5a80000)
  from space 1024K, 55% used [0x00000000d5a80000,0x00000000d5b0d200,0x00000000d5b80000)
  to   space 1536K, 0% used [0x00000000d5c00000,0x00000000d5c00000,0x00000000d5d80000)
 ParOldGen       total 1062400K, used 1062082K [0x0000000080000000, 0x00000000c0d80000, 0x00000000d5580000)
  object space 1062400K, 99% used [0x0000000080000000,0x00000000c0d30878,0x00000000c0d80000)
 Metaspace       used 86587K, committed 88448K, reserved 1179648K
  class space    used 8890K, committed 9728K, reserved 1048576K
}
Event: 975.265 GC heap after
{Heap after GC invocations=1956 (full 5):
 PSYoungGen      total 5632K, used 442K [0x00000000d5580000, 0x00000000d5c80000, 0x0000000100000000)
  eden space 5120K, 0% used [0x00000000d5580000,0x00000000d5580000,0x00000000d5a80000)
  from space 512K, 86% used [0x00000000d5c00000,0x00000000d5c6e900,0x00000000d5c80000)
  to   space 1024K, 0% used [0x00000000d5a80000,0x00000000d5a80000,0x00000000d5b80000)
 ParOldGen       total 1062400K, used 1062146K [0x0000000080000000, 0x00000000c0d80000, 0x00000000d5580000)
  object space 1062400K, 99% used [0x0000000080000000,0x00000000c0d40878,0x00000000c0d80000)
 Metaspace       used 86587K, committed 88448K, reserved 1179648K
  class space    used 8890K, committed 9728K, reserved 1048576K
}
Event: 975.277 GC heap before
{Heap before GC invocations=1957 (full 5):
 PSYoungGen      total 5632K, used 5562K [0x00000000d5580000, 0x00000000d5c80000, 0x0000000100000000)
  eden space 5120K, 100% used [0x00000000d5580000,0x00000000d5a80000,0x00000000d5a80000)
  from space 512K, 86% used [0x00000000d5c00000,0x00000000d5c6e900,0x00000000d5c80000)
  to   space 1024K, 0% used [0x00000000d5a80000,0x00000000d5a80000,0x00000000d5b80000)
 ParOldGen       total 1062400K, used 1062146K [0x0000000080000000, 0x00000000c0d80000, 0x00000000d5580000)
  object space 1062400K, 99% used [0x0000000080000000,0x00000000c0d40878,0x00000000c0d80000)
 Metaspace       used 86587K, committed 88448K, reserved 1179648K
  class space    used 8890K, committed 9728K, reserved 1048576K
}
Event: 975.280 GC heap after
{Heap after GC invocations=1957 (full 5):
 PSYoungGen      total 6144K, used 756K [0x00000000d5580000, 0x00000000d5c80000, 0x0000000100000000)
  eden space 5120K, 0% used [0x00000000d5580000,0x00000000d5580000,0x00000000d5a80000)
  from space 1024K, 73% used [0x00000000d5a80000,0x00000000d5b3d200,0x00000000d5b80000)
  to   space 1024K, 0% used [0x00000000d5b80000,0x00000000d5b80000,0x00000000d5c80000)
 ParOldGen       total 1062912K, used 1062486K [0x0000000080000000, 0x00000000c0e00000, 0x00000000d5580000)
  object space 1062912K, 99% used [0x0000000080000000,0x00000000c0d95a98,0x00000000c0e00000)
 Metaspace       used 86587K, committed 88448K, reserved 1179648K
  class space    used 8890K, committed 9728K, reserved 1048576K
}
Event: 975.298 GC heap before
{Heap before GC invocations=1958 (full 5):
 PSYoungGen      total 6144K, used 5876K [0x00000000d5580000, 0x00000000d5c80000, 0x0000000100000000)
  eden space 5120K, 100% used [0x00000000d5580000,0x00000000d5a80000,0x00000000d5a80000)
  from space 1024K, 73% used [0x00000000d5a80000,0x00000000d5b3d200,0x00000000d5b80000)
  to   space 1024K, 0% used [0x00000000d5b80000,0x00000000d5b80000,0x00000000d5c80000)
 ParOldGen       total 1062912K, used 1062486K [0x0000000080000000, 0x00000000c0e00000, 0x00000000d5580000)
  object space 1062912K, 99% used [0x0000000080000000,0x00000000c0d95a98,0x00000000c0e00000)
 Metaspace       used 86587K, committed 88448K, reserved 1179648K
  class space    used 8890K, committed 9728K, reserved 1048576K
}
Event: 975.301 GC heap after
{Heap after GC invocations=1958 (full 5):
 PSYoungGen      total 6144K, used 506K [0x00000000d5580000, 0x00000000d5c80000, 0x0000000100000000)
  eden space 5120K, 0% used [0x00000000d5580000,0x00000000d5580000,0x00000000d5a80000)
  from space 1024K, 49% used [0x00000000d5b80000,0x00000000d5bfe900,0x00000000d5c80000)
  to   space 1024K, 0% used [0x00000000d5a80000,0x00000000d5a80000,0x00000000d5b80000)
 ParOldGen       total 1062912K, used 1062670K [0x0000000080000000, 0x00000000c0e00000, 0x00000000d5580000)
  object space 1062912K, 99% used [0x0000000080000000,0x00000000c0dc3a98,0x00000000c0e00000)
 Metaspace       used 86587K, committed 88448K, reserved 1179648K
  class space    used 8890K, committed 9728K, reserved 1048576K
}
Event: 1269.283 GC heap before
{Heap before GC invocations=1959 (full 5):
 PSYoungGen      total 6144K, used 5626K [0x00000000d5580000, 0x00000000d5c80000, 0x0000000100000000)
  eden space 5120K, 100% used [0x00000000d5580000,0x00000000d5a80000,0x00000000d5a80000)
  from space 1024K, 49% used [0x00000000d5b80000,0x00000000d5bfe900,0x00000000d5c80000)
  to   space 1024K, 0% used [0x00000000d5a80000,0x00000000d5a80000,0x00000000d5b80000)
 ParOldGen       total 1062912K, used 1062670K [0x0000000080000000, 0x00000000c0e00000, 0x00000000d5580000)
  object space 1062912K, 99% used [0x0000000080000000,0x00000000c0dc3a98,0x00000000c0e00000)
 Metaspace       used 86634K, committed 88576K, reserved 1179648K
  class space    used 8890K, committed 9728K, reserved 1048576K
}
Event: 1269.290 GC heap after
{Heap after GC invocations=1959 (full 5):
 PSYoungGen      total 6144K, used 320K [0x00000000d5580000, 0x00000000d5c00000, 0x0000000100000000)
  eden space 5120K, 0% used [0x00000000d5580000,0x00000000d5580000,0x00000000d5a80000)
  from space 1024K, 31% used [0x00000000d5a80000,0x00000000d5ad0000,0x00000000d5b80000)
  to   space 512K, 0% used [0x00000000d5b80000,0x00000000d5b80000,0x00000000d5c00000)
 ParOldGen       total 1063424K, used 1063067K [0x0000000080000000, 0x00000000c0e80000, 0x00000000d5580000)
  object space 1063424K, 99% used [0x0000000080000000,0x00000000c0e26cb8,0x00000000c0e80000)
 Metaspace       used 86634K, committed 88576K, reserved 1179648K
  class space    used 8890K, committed 9728K, reserved 1048576K
}
Event: 1331.907 GC heap before
{Heap before GC invocations=1960 (full 5):
 PSYoungGen      total 6144K, used 5440K [0x00000000d5580000, 0x00000000d5c00000, 0x0000000100000000)
  eden space 5120K, 100% used [0x00000000d5580000,0x00000000d5a80000,0x00000000d5a80000)
  from space 1024K, 31% used [0x00000000d5a80000,0x00000000d5ad0000,0x00000000d5b80000)
  to   space 512K, 0% used [0x00000000d5b80000,0x00000000d5b80000,0x00000000d5c00000)
 ParOldGen       total 1063424K, used 1063067K [0x0000000080000000, 0x00000000c0e80000, 0x00000000d5580000)
  object space 1063424K, 99% used [0x0000000080000000,0x00000000c0e26cb8,0x00000000c0e80000)
 Metaspace       used 86653K, committed 88576K, reserved 1179648K
  class space    used 8890K, committed 9728K, reserved 1048576K
}
Event: 1331.910 GC heap after
{Heap after GC invocations=1960 (full 5):
 PSYoungGen      total 5632K, used 192K [0x00000000d5580000, 0x00000000d5c00000, 0x0000000100000000)
  eden space 5120K, 0% used [0x00000000d5580000,0x00000000d5580000,0x00000000d5a80000)
  from space 512K, 37% used [0x00000000d5b80000,0x00000000d5bb0000,0x00000000d5c00000)
  to   space 512K, 0% used [0x00000000d5b00000,0x00000000d5b00000,0x00000000d5b80000)
 ParOldGen       total 1063424K, used 1063243K [0x0000000080000000, 0x00000000c0e80000, 0x00000000d5580000)
  object space 1063424K, 99% used [0x0000000080000000,0x00000000c0e52cc8,0x00000000c0e80000)
 Metaspace       used 86653K, committed 88576K, reserved 1179648K
  class space    used 8890K, committed 9728K, reserved 1048576K
}

